american.gxt building started at Sun Dec 22 15:28:34 2019

Building finished at Sun Dec 22 15:28:38 2019
GXT contains 79 tables:
	- MAIN - 2450 entries
	- AMBULAE - 12 entries
	- ASSIN1 - 5 entries
	- ASSIN2 - 14 entries
	- ASSIN3 - 15 entries
	- ASSIN4 - 19 entries
	- ASSIN5 - 6 entries
	- BANKJ1 - 27 entries
	- BANKJ2 - 56 entries
	- BANKJ3 - 24 entries
	- BANKJ4 - 80 entries
	- BARON1 - 20 entries
	- BARON2 - 44 entries
	- BARON3 - 21 entries
	- BARON4 - 43 entries
	- BARON5 - 25 entries
	- BIKE1 - 20 entries
	- BIKE2 - 22 entries
	- BIKE3 - 18 entries
	- BMX_1 - 1 entries
	- BOATBUY - 13 entries
	- CAP_1 - 44 entries
	- CARBUY - 18 entries
	- CARPAR1 - 3 entries
	- COPCAR - 8 entries
	- COUNT1 - 34 entries
	- COUNT2 - 20 entries
	- CUBAN1 - 39 entries
	- CUBAN2 - 36 entries
	- CUBAN3 - 26 entries
	- CUBAN4 - 52 entries
	- FINALE - 72 entries
	- FIRETRK - 12 entries
	- GENERA1 - 31 entries
	- GENERA2 - 25 entries
	- GENERA3 - 64 entries
	- GENERA4 - 41 entries
	- GENERA5 - 36 entries
	- HAIT1 - 30 entries
	- HAIT2 - 21 entries
	- HAIT3 - 19 entries
	- HOTEL - 21 entries
	- ICECRE1 - 21 entries
	- ICECUT - 26 entries
	- INTRO - 79 entries
	- KENT1 - 22 entries
	- KICKSTT - 13 entries
	- LAWYER1 - 90 entries
	- LAWYER2 - 72 entries
	- LAWYER3 - 33 entries
	- LAWYER4 - 27 entries
	- MIAMI_1 - 5 entries
	- MM - 10 entries
	- OVALRIG - 34 entries
	- PHIL1 - 20 entries
	- PHIL2 - 27 entries
	- PIZZA - 33 entries
	- PORN1 - 51 entries
	- PORN2 - 24 entries
	- PORN3 - 46 entries
	- PORN4 - 32 entries
	- PROT1 - 28 entries
	- PROT2 - 18 entries
	- PROT3 - 52 entries
	- RACES - 24 entries
	- RCHELI1 - 6 entries
	- RCPLNE1 - 5 entries
	- RCRACE1 - 7 entries
	- ROCK1 - 47 entries
	- ROCK2 - 27 entries
	- ROCK3 - 58 entries
	- SERG1 - 24 entries
	- SERG2 - 19 entries
	- SERG3 - 51 entries
	- TAXI1 - 40 entries
	- TAXICUT - 27 entries
	- TAXIWA1 - 11 entries
	- TAXIWA2 - 4 entries
	- TAXIWA3 - 9 entries

4709 entries total.